<?xml version="1.0" encoding="UTF-8"?>
<!-- Generated by org.testng.reporters.JUnitXMLReporter -->
<testsuite ignored="0" hostname="LAPTOP-V8I65E4R" failures="0" tests="3" name="Surefire test" time="0.06" errors="0" timestamp="2026-01-02T15:19:45 IST">
  <testcase classname="githubPractice.GitHubPracticeTest" name="gitHubPRactice" time="0.006"/>
  <testcase classname="jankinesPractice.JankinesPracticeTest" name="jankinesPracticeTest" time="0.001"/>
  <testcase classname="mavenPractice.MavenPracticeTest" name="mavenPracticeTest" time="0.002"/>
</testsuite> <!-- Surefire test -->
