<?xml version="1.0" encoding="UTF-8"?>
<!-- Generated by org.testng.reporters.JUnitXMLReporter -->
<testsuite ignored="0" hostname="LAPTOP-V8I65E4R" failures="0" tests="3" name="Test" time="0.034" errors="0" timestamp="2025-12-31T18:17:40 IST">
  <testcase classname="mavenPractice.MavenPracticeTest" name="mavenPracticeTest" time="0.006"/>
  <testcase classname="githubPractice.GitHubPracticeTest" name="gitHubPRactice" time="0.001"/>
  <testcase classname="jankinesPractice.JankinesPracticeTest" name="jankinesPracticeTest" time="0.0"/>
</testsuite> <!-- Test -->
